-------------------------------------------------------------------------------
Test set: com.example.springboot.HelloControllerTest
-------------------------------------------------------------------------------
Tests run: 1, Failures: 0, Errors: 1, Skipped: 0, Time elapsed: 3.405 s <<< FAILURE! - in com.example.springboot.HelloControllerTest
getHello  Time elapsed: 0.003 s  <<< ERROR!
java.lang.IllegalStateException: Failed to load ApplicationContext
Caused by: org.springframework.beans.factory.BeanCreationException: 
Error creating bean with name 'requestMappingHandlerMapping' defined in class path resource [org/springframework/boot/autoconfigure/web/servlet/WebMvcAutoConfiguration$EnableWebMvcConfiguration.class]: Invocation of init method failed; nested exception is java.lang.IllegalStateException: Ambiguous mapping. Cannot map 'civilianController' method 
com.example.springboot.controller.CivilianController#getExample(String)
to {GET /civilian/}: There is already 'civilianController' bean method
com.example.springboot.controller.CivilianController#getAllCivilian() mapped.
Caused by: java.lang.IllegalStateException: 
Ambiguous mapping. Cannot map 'civilianController' method 
com.example.springboot.controller.CivilianController#getExample(String)
to {GET /civilian/}: There is already 'civilianController' bean method
com.example.springboot.controller.CivilianController#getAllCivilian() mapped.

